<?xml version="1.0" encoding="UTF-8"?>
<!-- Generated by org.testng.reporters.JUnitReportReporter -->
<testsuite hostname="DESKTOP-A2SUHOQ" failures="0" tests="1" name="testpkg.Deyga_register_test" time="7.742" errors="0" timestamp="2024-08-09T18:48:15 IST" skipped="0">
  <testcase classname="testpkg.Deyga_register_test" name="registertest" time="7.742"/>
  <system-out/>
</testsuite> <!-- testpkg.Deyga_register_test -->
