<?xml version="1.0" encoding="UTF-8"?>
<!-- Generated by org.testng.reporters.JUnitReportReporter -->
<testsuite hostname="DESKTOP-A2SUHOQ" failures="0" tests="1" name="testpkg.Deyga_Main_test" time="18.238" errors="0" timestamp="2024-09-09T09:59:26 IST" skipped="0">
  <testcase classname="testpkg.Deyga_Main_test" name="maintest" time="18.238"/>
  <system-out/>
</testsuite> <!-- testpkg.Deyga_Main_test -->
