<?xml version="1.0" encoding="UTF-8"?>
<!-- Generated by org.testng.reporters.JUnitReportReporter -->
<testsuite hostname="DESKTOP-A2SUHOQ" failures="0" tests="2" name="testpkg.Deyga_login_test" time="23.391" errors="0" timestamp="2024-08-11T10:26:58 IST" skipped="0">
  <testcase classname="testpkg.Deyga_login_test" name="search_item" time="4.066"/>
  <system-out/>
  <testcase classname="testpkg.Deyga_login_test" name="loginTest" time="19.325"/>
  <system-out/>
</testsuite> <!-- testpkg.Deyga_login_test -->
